<?xml version="1.0" encoding="UTF-8"?>
<testng-results skipped="0" failed="0" ignored="1" total="2" passed="1">
  <reporter-output>
  </reporter-output>
  <suite name="Default suite" duration-ms="105100" started-at="2018-08-31T09:47:57Z" finished-at="2018-08-31T09:49:42Z">
    <groups>
    </groups>
    <test name="Default test" duration-ms="105100" started-at="2018-08-31T09:47:57Z" finished-at="2018-08-31T09:49:42Z">
      <class name="testCases.TC_Cart">
        <test-method status="PASS" signature="setBrowser()[pri:0, instance:testCases.TC_Cart@7f3b84b8]" name="setBrowser" is-config="true" duration-ms="27353" started-at="2018-08-31T15:17:30Z" finished-at="2018-08-31T15:17:57Z">
          <reporter-output>
          </reporter-output>
        </test-method> <!-- setBrowser -->
        <test-method status="PASS" signature="startReport1()[pri:0, instance:testCases.TC_Cart@7f3b84b8]" name="startReport1" is-config="true" duration-ms="1049" started-at="2018-08-31T15:17:57Z" finished-at="2018-08-31T15:17:58Z">
          <reporter-output>
          </reporter-output>
        </test-method> <!-- startReport1 -->
        <test-method status="PASS" signature="Tc_Cart_002()[pri:0, instance:testCases.TC_Cart@7f3b84b8]" name="Tc_Cart_002" duration-ms="97830" started-at="2018-08-31T15:17:58Z" finished-at="2018-08-31T15:19:36Z">
          <reporter-output>
          </reporter-output>
        </test-method> <!-- Tc_Cart_002 -->
        <test-method status="PASS" signature="endReport()[pri:0, instance:testCases.TC_Cart@7f3b84b8]" name="endReport" is-config="true" duration-ms="6205" started-at="2018-08-31T15:19:36Z" finished-at="2018-08-31T15:19:42Z">
          <reporter-output>
          </reporter-output>
        </test-method> <!-- endReport -->
      </class> <!-- testCases.TC_Cart -->
    </test> <!-- Default test -->
  </suite> <!-- Default suite -->
</testng-results>
